<?xml version="1.0" encoding="UTF-8"?>
<testsuite name="com.censusAnalyzer.CensusAnalyzerTest" tests="1" skipped="0" failures="0" errors="0" timestamp="2020-04-06T09:49:41" hostname="kirts" time="0.129">
  <properties/>
  <testcase name="givenStateCodeCsvFile_whenCsvHeaderIncorrect_shouldReturnException" classname="com.censusAnalyzer.CensusAnalyzerTest" time="0.129"/>
  <system-out><![CDATA[]]></system-out>
  <system-err><![CDATA[]]></system-err>
</testsuite>
