<?xml version="1.0" encoding="UTF-8"?>
<testsuite name="com.censusAnalyzer.CensusAnalyzerTest" tests="1" skipped="0" failures="0" errors="0" timestamp="2020-04-08T03:18:43" hostname="kirts" time="0.457">
  <properties/>
  <testcase name="givenIndiaCensusData_whenSorted_shouldReturnSortedDataOfEndState" classname="com.censusAnalyzer.CensusAnalyzerTest" time="0.457"/>
  <system-out><![CDATA[]]></system-out>
  <system-err><![CDATA[]]></system-err>
</testsuite>
